<?xml version="1.0" encoding="UTF-8"?>
<treebank xmlns:saxon="http://saxon.sf.net/"
          xml:lang="lat"
          format="midlat"
          direction="ltr"
          version="1.5">
   <date>2017-09-06 22:28:20 +0000</date>
   <annotator>
      <short/>
      <name/>
      <address/>
      <uri>http://services2.perseids.org/llt/segtok</uri>
  </annotator>
   <annotator>
      <short/>
      <name/>
      <address/>
      <uri>http://github.com/latin-language-toolkit/arethusa</uri>
  </annotator>
   <annotator>
      <short>Bob Gorman</short>
      <name>Robert Gorman</name>
      <address>rgorman1@unl.edu</address>
      <uri>http://data.perseus.org/sosol/users/Bob%20Gorman</uri>
  </annotator>
   <sentence id="1" document_id="" subdoc="" span="">
      <word id="1" form="Hadriānus" lemma="Hadriānus" postag="n-s---mn-" relation="" head=""/>
      <word id="2" form="imperātor" lemma="imperator" postag="n-s---mn-" relation="" head=""/>
      <word id="3" form="nātus" lemma="nascor" postag="n-s---mn-" relation="" head=""/>
      <word id="4" form="est" lemma="sum1" postag="v3spia---" relation="" head=""/>
      <word id="5" form="Rōmae" lemma="" postag="" relation="" head=""/>
      <word id="6" form="novem" lemma="novem" postag="m--------" relation="" head=""/>
      <word id="7" form="diem" lemma="dies" postag="n-s---ma-" relation="" head=""/>
      <word id="8" form="kalendās" lemma="Kalendae" postag="n-p---fa-" relation="" head=""/>
      <word id="9" form="Februāriās" lemma="" postag="" relation="" head=""/>
      <word id="10" form="." lemma="punc1" postag="u--------" relation="AuxK" head="0"/>
   </sentence>
  
</treebank>
